<?xml version="1.0" encoding="UTF-8"?>
<testng-results ignored="0" total="10" passed="9" failed="1" skipped="0">
  <reporter-output>
  </reporter-output>
  <suite started-at="2022-05-18T14:20:26 IST" name="Urbonladder" finished-at="2022-05-18T14:22:30 IST" duration-ms="124247">
    <groups>
    </groups>
    <test started-at="2022-05-18T14:20:26 IST" name="Test1" finished-at="2022-05-18T14:22:30 IST" duration-ms="124247">
      <class name="com.mindtree.testcases.TestCase8">
        <test-method is-config="true" signature="start()[pri:0, instance:com.mindtree.testcases.TestCase8@48f278eb]" started-at="2022-05-18T14:22:01 IST" name="start" finished-at="2022-05-18T14:22:01 IST" duration-ms="9" status="PASS">
          <reporter-output>
          </reporter-output>
        </test-method> <!-- start -->
        <test-method signature="compare()[pri:0, instance:com.mindtree.testcases.TestCase8@48f278eb]" started-at="2022-05-18T14:22:01 IST" name="compare" finished-at="2022-05-18T14:22:17 IST" duration-ms="16641" status="FAIL">
          <exception class="org.openqa.selenium.ElementClickInterceptedException">
            <message>
              <![CDATA[element click intercepted: Element is not clickable at point (40, 505)
  (Session info: chrome=101.0.4951.67)
Build info: version: '3.141.59', revision: 'e82be7d358', time: '2018-11-14T08:17:03'
System info: host: 'MINDC1D206', ip: '172.16.97.42', os.name: 'Windows 10', os.arch: 'amd64', os.version: '10.0', java.version: '17.0.2'
Driver info: org.openqa.selenium.chrome.ChromeDriver
Capabilities {acceptInsecureCerts: false, browserName: chrome, browserVersion: 101.0.4951.67, chrome: {chromedriverVersion: 101.0.4951.41 (93c720db8323..., userDataDir: C:\Users\MINDSD~1\AppData\L...}, goog:chromeOptions: {debuggerAddress: localhost:50539}, javascriptEnabled: true, networkConnectionEnabled: false, pageLoadStrategy: normal, platform: WINDOWS, platformName: WINDOWS, proxy: Proxy(), setWindowRect: true, strictFileInteractability: false, timeouts: {implicit: 0, pageLoad: 300000, script: 30000}, unhandledPromptBehavior: dismiss and notify, webauthn:extension:credBlob: true, webauthn:extension:largeBlob: true, webauthn:virtualAuthenticators: true}
Session ID: 9f65e6f9ac6d90c3ee124736683063de]]>
            </message>
            <full-stacktrace>
              <![CDATA[org.openqa.selenium.ElementClickInterceptedException: element click intercepted: Element is not clickable at point (40, 505)
  (Session info: chrome=101.0.4951.67)
Build info: version: '3.141.59', revision: 'e82be7d358', time: '2018-11-14T08:17:03'
System info: host: 'MINDC1D206', ip: '172.16.97.42', os.name: 'Windows 10', os.arch: 'amd64', os.version: '10.0', java.version: '17.0.2'
Driver info: org.openqa.selenium.chrome.ChromeDriver
Capabilities {acceptInsecureCerts: false, browserName: chrome, browserVersion: 101.0.4951.67, chrome: {chromedriverVersion: 101.0.4951.41 (93c720db8323..., userDataDir: C:\Users\MINDSD~1\AppData\L...}, goog:chromeOptions: {debuggerAddress: localhost:50539}, javascriptEnabled: true, networkConnectionEnabled: false, pageLoadStrategy: normal, platform: WINDOWS, platformName: WINDOWS, proxy: Proxy(), setWindowRect: true, strictFileInteractability: false, timeouts: {implicit: 0, pageLoad: 300000, script: 30000}, unhandledPromptBehavior: dismiss and notify, webauthn:extension:credBlob: true, webauthn:extension:largeBlob: true, webauthn:virtualAuthenticators: true}
Session ID: 9f65e6f9ac6d90c3ee124736683063de
at java.base/jdk.internal.reflect.NativeConstructorAccessorImpl.newInstance0(Native Method)
at java.base/jdk.internal.reflect.NativeConstructorAccessorImpl.newInstance(NativeConstructorAccessorImpl.java:77)
at java.base/jdk.internal.reflect.DelegatingConstructorAccessorImpl.newInstance(DelegatingConstructorAccessorImpl.java:45)
at java.base/java.lang.reflect.Constructor.newInstanceWithCaller(Constructor.java:499)
at java.base/java.lang.reflect.Constructor.newInstance(Constructor.java:480)
at org.openqa.selenium.remote.http.W3CHttpResponseCodec.createException(W3CHttpResponseCodec.java:187)
at org.openqa.selenium.remote.http.W3CHttpResponseCodec.decode(W3CHttpResponseCodec.java:122)
at org.openqa.selenium.remote.http.W3CHttpResponseCodec.decode(W3CHttpResponseCodec.java:49)
at org.openqa.selenium.remote.HttpCommandExecutor.execute(HttpCommandExecutor.java:158)
at org.openqa.selenium.remote.service.DriverCommandExecutor.execute(DriverCommandExecutor.java:83)
at org.openqa.selenium.remote.RemoteWebDriver.execute(RemoteWebDriver.java:552)
at org.openqa.selenium.remote.RemoteWebElement.execute(RemoteWebElement.java:285)
at org.openqa.selenium.remote.RemoteWebElement.click(RemoteWebElement.java:84)
at com.mindtree.reusability.WebDriverHelper.clckOn(WebDriverHelper.java:11)
at com.mindtree.pageobject.CompareProducts.clickCompare(CompareProducts.java:44)
at com.mindtree.testcases.TestCase8.compare(TestCase8.java:38)
at java.base/jdk.internal.reflect.NativeMethodAccessorImpl.invoke0(Native Method)
at java.base/jdk.internal.reflect.NativeMethodAccessorImpl.invoke(NativeMethodAccessorImpl.java:77)
at java.base/jdk.internal.reflect.DelegatingMethodAccessorImpl.invoke(DelegatingMethodAccessorImpl.java:43)
at java.base/java.lang.reflect.Method.invoke(Method.java:568)
at org.testng.internal.MethodInvocationHelper.invokeMethod(MethodInvocationHelper.java:133)
at org.testng.internal.TestInvoker.invokeMethod(TestInvoker.java:598)
at org.testng.internal.TestInvoker.invokeTestMethod(TestInvoker.java:173)
at org.testng.internal.MethodRunner.runInSequence(MethodRunner.java:46)
at org.testng.internal.TestInvoker$MethodInvocationAgent.invoke(TestInvoker.java:824)
at org.testng.internal.TestInvoker.invokeTestMethods(TestInvoker.java:146)
at org.testng.internal.TestMethodWorker.invokeTestMethods(TestMethodWorker.java:146)
at org.testng.internal.TestMethodWorker.run(TestMethodWorker.java:128)
at java.base/java.util.ArrayList.forEach(ArrayList.java:1511)
at org.testng.TestRunner.privateRun(TestRunner.java:794)
at org.testng.TestRunner.run(TestRunner.java:596)
at org.testng.SuiteRunner.runTest(SuiteRunner.java:377)
at org.testng.SuiteRunner.runSequentially(SuiteRunner.java:371)
at org.testng.SuiteRunner.privateRun(SuiteRunner.java:332)
at org.testng.SuiteRunner.run(SuiteRunner.java:276)
at org.testng.SuiteRunnerWorker.runSuite(SuiteRunnerWorker.java:53)
at org.testng.SuiteRunnerWorker.run(SuiteRunnerWorker.java:96)
at org.testng.TestNG.runSuitesSequentially(TestNG.java:1212)
at org.testng.TestNG.runSuitesLocally(TestNG.java:1134)
at org.testng.TestNG.runSuites(TestNG.java:1063)
at org.testng.TestNG.run(TestNG.java:1031)
at org.testng.remote.AbstractRemoteTestNG.run(AbstractRemoteTestNG.java:115)
at org.testng.remote.RemoteTestNG.initAndRun(RemoteTestNG.java:251)
at org.testng.remote.RemoteTestNG.main(RemoteTestNG.java:77)
]]>
            </full-stacktrace>
          </exception> <!-- org.openqa.selenium.ElementClickInterceptedException -->
          <reporter-output>
          </reporter-output>
        </test-method> <!-- compare -->
      </class> <!-- com.mindtree.testcases.TestCase8 -->
      <class name="com.mindtree.testcases.TestCase9">
        <test-method is-config="true" signature="start()[pri:0, instance:com.mindtree.testcases.TestCase9@2f217633]" started-at="2022-05-18T14:22:17 IST" name="start" finished-at="2022-05-18T14:22:17 IST" duration-ms="9" status="PASS">
          <reporter-output>
          </reporter-output>
        </test-method> <!-- start -->
        <test-method signature="aboutus()[pri:0, instance:com.mindtree.testcases.TestCase9@2f217633]" started-at="2022-05-18T14:22:17 IST" name="aboutus" finished-at="2022-05-18T14:22:24 IST" duration-ms="6259" status="PASS">
          <reporter-output>
          </reporter-output>
        </test-method> <!-- aboutus -->
      </class> <!-- com.mindtree.testcases.TestCase9 -->
      <class name="com.mindtree.testcases.TestCase1">
        <test-method is-config="true" signature="start()[pri:0, instance:com.mindtree.testcases.TestCase1@6da21078]" started-at="2022-05-18T14:20:26 IST" name="start" finished-at="2022-05-18T14:20:31 IST" duration-ms="5503" status="PASS">
          <reporter-output>
          </reporter-output>
        </test-method> <!-- start -->
        <test-method signature="Login()[pri:0, instance:com.mindtree.testcases.TestCase1@6da21078]" started-at="2022-05-18T14:20:31 IST" name="Login" finished-at="2022-05-18T14:20:48 IST" duration-ms="16346" status="PASS">
          <reporter-output>
          </reporter-output>
        </test-method> <!-- Login -->
        <test-method is-config="true" signature="end()[pri:0, instance:com.mindtree.testcases.TestCase1@6da21078]" started-at="2022-05-18T14:22:29 IST" name="end" finished-at="2022-05-18T14:22:30 IST" duration-ms="356" status="PASS">
          <reporter-output>
          </reporter-output>
        </test-method> <!-- end -->
      </class> <!-- com.mindtree.testcases.TestCase1 -->
      <class name="com.mindtree.testcases.TestCase2">
        <test-method is-config="true" signature="start()[pri:0, instance:com.mindtree.testcases.TestCase2@7205765b]" started-at="2022-05-18T14:20:48 IST" name="start" finished-at="2022-05-18T14:20:48 IST" duration-ms="9" status="PASS">
          <reporter-output>
          </reporter-output>
        </test-method> <!-- start -->
        <test-method signature="search()[pri:0, instance:com.mindtree.testcases.TestCase2@7205765b]" started-at="2022-05-18T14:20:48 IST" name="search" finished-at="2022-05-18T14:21:17 IST" duration-ms="29189" status="PASS">
          <reporter-output>
          </reporter-output>
        </test-method> <!-- search -->
      </class> <!-- com.mindtree.testcases.TestCase2 -->
      <class name="com.mindtree.testcases.TestCase3">
        <test-method is-config="true" signature="start()[pri:0, instance:com.mindtree.testcases.TestCase3@47987356]" started-at="2022-05-18T14:21:17 IST" name="start" finished-at="2022-05-18T14:21:17 IST" duration-ms="11" status="PASS">
          <reporter-output>
          </reporter-output>
        </test-method> <!-- start -->
        <test-method signature="cart()[pri:0, instance:com.mindtree.testcases.TestCase3@47987356]" started-at="2022-05-18T14:21:17 IST" name="cart" finished-at="2022-05-18T14:21:26 IST" duration-ms="8796" status="PASS">
          <reporter-output>
          </reporter-output>
        </test-method> <!-- cart -->
      </class> <!-- com.mindtree.testcases.TestCase3 -->
      <class name="com.mindtree.testcases.TestCase4">
        <test-method is-config="true" signature="start()[pri:0, instance:com.mindtree.testcases.TestCase4@22ef9844]" started-at="2022-05-18T14:21:26 IST" name="start" finished-at="2022-05-18T14:21:26 IST" duration-ms="9" status="PASS">
          <reporter-output>
          </reporter-output>
        </test-method> <!-- start -->
        <test-method signature="study()[pri:0, instance:com.mindtree.testcases.TestCase4@22ef9844]" started-at="2022-05-18T14:21:26 IST" name="study" finished-at="2022-05-18T14:21:37 IST" duration-ms="11660" status="PASS">
          <reporter-output>
          </reporter-output>
        </test-method> <!-- study -->
      </class> <!-- com.mindtree.testcases.TestCase4 -->
      <class name="com.mindtree.testcases.TestCase10">
        <test-method is-config="true" signature="start()[pri:0, instance:com.mindtree.testcases.TestCase10@a530d0a]" started-at="2022-05-18T14:22:24 IST" name="start" finished-at="2022-05-18T14:22:24 IST" duration-ms="8" status="PASS">
          <reporter-output>
          </reporter-output>
        </test-method> <!-- start -->
        <test-method signature="shipDelivery()[pri:0, instance:com.mindtree.testcases.TestCase10@a530d0a]" started-at="2022-05-18T14:22:24 IST" name="shipDelivery" finished-at="2022-05-18T14:22:29 IST" duration-ms="5947" status="PASS">
          <reporter-output>
          </reporter-output>
        </test-method> <!-- shipDelivery -->
      </class> <!-- com.mindtree.testcases.TestCase10 -->
      <class name="com.mindtree.testcases.TestCase5">
        <test-method is-config="true" signature="start()[pri:0, instance:com.mindtree.testcases.TestCase5@6283d8b8]" started-at="2022-05-18T14:21:37 IST" name="start" finished-at="2022-05-18T14:21:37 IST" duration-ms="9" status="PASS">
          <reporter-output>
          </reporter-output>
        </test-method> <!-- start -->
        <test-method signature="wishlist()[pri:0, instance:com.mindtree.testcases.TestCase5@6283d8b8]" started-at="2022-05-18T14:21:37 IST" name="wishlist" finished-at="2022-05-18T14:21:45 IST" duration-ms="7873" status="PASS">
          <reporter-output>
          </reporter-output>
        </test-method> <!-- wishlist -->
      </class> <!-- com.mindtree.testcases.TestCase5 -->
      <class name="com.mindtree.testcases.TestCase6">
        <test-method is-config="true" signature="start()[pri:0, instance:com.mindtree.testcases.TestCase6@3b6ddd1d]" started-at="2022-05-18T14:21:45 IST" name="start" finished-at="2022-05-18T14:21:45 IST" duration-ms="11" status="PASS">
          <reporter-output>
          </reporter-output>
        </test-method> <!-- start -->
        <test-method signature="explore()[pri:0, instance:com.mindtree.testcases.TestCase6@3b6ddd1d]" started-at="2022-05-18T14:21:45 IST" name="explore" finished-at="2022-05-18T14:21:52 IST" duration-ms="6584" status="PASS">
          <reporter-output>
          </reporter-output>
        </test-method> <!-- explore -->
      </class> <!-- com.mindtree.testcases.TestCase6 -->
      <class name="com.mindtree.testcases.TestCase7">
        <test-method is-config="true" signature="start()[pri:0, instance:com.mindtree.testcases.TestCase7@3f6b0be5]" started-at="2022-05-18T14:21:52 IST" name="start" finished-at="2022-05-18T14:21:52 IST" duration-ms="18" status="PASS">
          <reporter-output>
          </reporter-output>
        </test-method> <!-- start -->
        <test-method signature="giftcards()[pri:0, instance:com.mindtree.testcases.TestCase7@3f6b0be5]" started-at="2022-05-18T14:21:52 IST" name="giftcards" finished-at="2022-05-18T14:22:01 IST" duration-ms="8631" status="PASS">
          <reporter-output>
          </reporter-output>
        </test-method> <!-- giftcards -->
      </class> <!-- com.mindtree.testcases.TestCase7 -->
    </test> <!-- Test1 -->
  </suite> <!-- Urbonladder -->
</testng-results>
