<?xml version="1.0" encoding="UTF-8"?>
<testng-results ignored="0" total="10" passed="10" failed="0" skipped="0">
  <reporter-output>
  </reporter-output>
  <suite started-at="2022-05-18T06:59:33 IST" name="Urbonladder" finished-at="2022-05-18T07:02:11 IST" duration-ms="158438">
    <groups>
    </groups>
    <test started-at="2022-05-18T06:59:33 IST" name="Test1" finished-at="2022-05-18T07:02:11 IST" duration-ms="158438">
      <class name="com.mindtree.testcases.TestCase8">
        <test-method is-config="true" signature="start()[pri:0, instance:com.mindtree.testcases.TestCase8@741a8937]" started-at="2022-05-18T07:01:42 IST" name="start" finished-at="2022-05-18T07:01:42 IST" duration-ms="9" status="PASS">
          <reporter-output>
          </reporter-output>
        </test-method> <!-- start -->
        <test-method signature="compare()[pri:0, instance:com.mindtree.testcases.TestCase8@741a8937]" started-at="2022-05-18T07:01:42 IST" name="compare" finished-at="2022-05-18T07:01:59 IST" duration-ms="17076" status="PASS">
          <reporter-output>
          </reporter-output>
        </test-method> <!-- compare -->
      </class> <!-- com.mindtree.testcases.TestCase8 -->
      <class name="com.mindtree.testcases.TestCase9">
        <test-method is-config="true" signature="start()[pri:0, instance:com.mindtree.testcases.TestCase9@306e95ec]" started-at="2022-05-18T07:01:59 IST" name="start" finished-at="2022-05-18T07:01:59 IST" duration-ms="1" status="PASS">
          <reporter-output>
          </reporter-output>
        </test-method> <!-- start -->
        <test-method signature="aboutus()[pri:0, instance:com.mindtree.testcases.TestCase9@306e95ec]" started-at="2022-05-18T07:01:59 IST" name="aboutus" finished-at="2022-05-18T07:02:05 IST" duration-ms="5782" status="PASS">
          <reporter-output>
          </reporter-output>
        </test-method> <!-- aboutus -->
      </class> <!-- com.mindtree.testcases.TestCase9 -->
      <class name="com.mindtree.testcases.TestCase1">
        <test-method is-config="true" signature="start()[pri:0, instance:com.mindtree.testcases.TestCase1@1e04fa0a]" started-at="2022-05-18T06:59:35 IST" name="start" finished-at="2022-05-18T07:00:06 IST" duration-ms="31142" status="PASS">
          <reporter-output>
          </reporter-output>
        </test-method> <!-- start -->
        <test-method signature="Login()[pri:0, instance:com.mindtree.testcases.TestCase1@1e04fa0a]" started-at="2022-05-18T07:00:06 IST" name="Login" finished-at="2022-05-18T07:00:23 IST" duration-ms="17111" status="PASS">
          <reporter-output>
          </reporter-output>
        </test-method> <!-- Login -->
        <test-method is-config="true" signature="end()[pri:0, instance:com.mindtree.testcases.TestCase1@1e04fa0a]" started-at="2022-05-18T07:02:11 IST" name="end" finished-at="2022-05-18T07:02:11 IST" duration-ms="387" status="PASS">
          <reporter-output>
          </reporter-output>
        </test-method> <!-- end -->
      </class> <!-- com.mindtree.testcases.TestCase1 -->
      <class name="com.mindtree.testcases.TestCase2">
        <test-method is-config="true" signature="start()[pri:0, instance:com.mindtree.testcases.TestCase2@25fb8912]" started-at="2022-05-18T07:00:23 IST" name="start" finished-at="2022-05-18T07:00:23 IST" duration-ms="1" status="PASS">
          <reporter-output>
          </reporter-output>
        </test-method> <!-- start -->
        <test-method signature="search()[pri:0, instance:com.mindtree.testcases.TestCase2@25fb8912]" started-at="2022-05-18T07:00:23 IST" name="search" finished-at="2022-05-18T07:00:56 IST" duration-ms="32891" status="PASS">
          <reporter-output>
          </reporter-output>
        </test-method> <!-- search -->
      </class> <!-- com.mindtree.testcases.TestCase2 -->
      <class name="com.mindtree.testcases.TestCase3">
        <test-method is-config="true" signature="start()[pri:0, instance:com.mindtree.testcases.TestCase3@7c24b813]" started-at="2022-05-18T07:00:56 IST" name="start" finished-at="2022-05-18T07:00:56 IST" duration-ms="1" status="PASS">
          <reporter-output>
          </reporter-output>
        </test-method> <!-- start -->
        <test-method signature="cart()[pri:0, instance:com.mindtree.testcases.TestCase3@7c24b813]" started-at="2022-05-18T07:00:56 IST" name="cart" finished-at="2022-05-18T07:01:08 IST" duration-ms="11326" status="PASS">
          <reporter-output>
          </reporter-output>
        </test-method> <!-- cart -->
      </class> <!-- com.mindtree.testcases.TestCase3 -->
      <class name="com.mindtree.testcases.TestCase4">
        <test-method is-config="true" signature="start()[pri:0, instance:com.mindtree.testcases.TestCase4@2c35e847]" started-at="2022-05-18T07:01:08 IST" name="start" finished-at="2022-05-18T07:01:08 IST" duration-ms="1" status="PASS">
          <reporter-output>
          </reporter-output>
        </test-method> <!-- start -->
        <test-method signature="study()[pri:0, instance:com.mindtree.testcases.TestCase4@2c35e847]" started-at="2022-05-18T07:01:08 IST" name="study" finished-at="2022-05-18T07:01:19 IST" duration-ms="11456" status="PASS">
          <reporter-output>
          </reporter-output>
        </test-method> <!-- study -->
      </class> <!-- com.mindtree.testcases.TestCase4 -->
      <class name="com.mindtree.testcases.TestCase10">
        <test-method is-config="true" signature="start()[pri:0, instance:com.mindtree.testcases.TestCase10@52af26ee]" started-at="2022-05-18T07:02:05 IST" name="start" finished-at="2022-05-18T07:02:05 IST" duration-ms="2" status="PASS">
          <reporter-output>
          </reporter-output>
        </test-method> <!-- start -->
        <test-method signature="shipDelivery()[pri:0, instance:com.mindtree.testcases.TestCase10@52af26ee]" started-at="2022-05-18T07:02:05 IST" name="shipDelivery" finished-at="2022-05-18T07:02:11 IST" duration-ms="6069" status="PASS">
          <reporter-output>
          </reporter-output>
        </test-method> <!-- shipDelivery -->
      </class> <!-- com.mindtree.testcases.TestCase10 -->
      <class name="com.mindtree.testcases.TestCase5">
        <test-method is-config="true" signature="start()[pri:0, instance:com.mindtree.testcases.TestCase5@7bd4937b]" started-at="2022-05-18T07:01:19 IST" name="start" finished-at="2022-05-18T07:01:19 IST" duration-ms="1" status="PASS">
          <reporter-output>
          </reporter-output>
        </test-method> <!-- start -->
        <test-method signature="wishlist()[pri:0, instance:com.mindtree.testcases.TestCase5@7bd4937b]" started-at="2022-05-18T07:01:19 IST" name="wishlist" finished-at="2022-05-18T07:01:27 IST" duration-ms="8325" status="PASS">
          <reporter-output>
          </reporter-output>
        </test-method> <!-- wishlist -->
      </class> <!-- com.mindtree.testcases.TestCase5 -->
      <class name="com.mindtree.testcases.TestCase6">
        <test-method is-config="true" signature="start()[pri:0, instance:com.mindtree.testcases.TestCase6@21e360a]" started-at="2022-05-18T07:01:27 IST" name="start" finished-at="2022-05-18T07:01:27 IST" duration-ms="1" status="PASS">
          <reporter-output>
          </reporter-output>
        </test-method> <!-- start -->
        <test-method signature="explore()[pri:0, instance:com.mindtree.testcases.TestCase6@21e360a]" started-at="2022-05-18T07:01:27 IST" name="explore" finished-at="2022-05-18T07:01:34 IST" duration-ms="6538" status="PASS">
          <reporter-output>
          </reporter-output>
        </test-method> <!-- explore -->
      </class> <!-- com.mindtree.testcases.TestCase6 -->
      <class name="com.mindtree.testcases.TestCase7">
        <test-method is-config="true" signature="start()[pri:0, instance:com.mindtree.testcases.TestCase7@5ba3f27a]" started-at="2022-05-18T07:01:34 IST" name="start" finished-at="2022-05-18T07:01:34 IST" duration-ms="1" status="PASS">
          <reporter-output>
          </reporter-output>
        </test-method> <!-- start -->
        <test-method signature="giftcards()[pri:0, instance:com.mindtree.testcases.TestCase7@5ba3f27a]" started-at="2022-05-18T07:01:34 IST" name="giftcards" finished-at="2022-05-18T07:01:42 IST" duration-ms="7752" status="PASS">
          <reporter-output>
          </reporter-output>
        </test-method> <!-- giftcards -->
      </class> <!-- com.mindtree.testcases.TestCase7 -->
    </test> <!-- Test1 -->
  </suite> <!-- Urbonladder -->
</testng-results>
