<?xml version="1.0" encoding="UTF-8"?>
<!-- Generated by org.testng.reporters.JUnitXMLReporter -->
<testsuite ignored="0" hostname="mindc1d206" failures="0" tests="10" name="Test1" time="158.438" errors="0" timestamp="2022-05-18T07:02:11 IST">
  <testcase classname="com.mindtree.testcases.TestCase1" name="Login" time="17.111"/>
  <testcase classname="com.mindtree.testcases.TestCase2" name="search" time="32.891"/>
  <testcase classname="com.mindtree.testcases.TestCase3" name="cart" time="11.326"/>
  <testcase classname="com.mindtree.testcases.TestCase4" name="study" time="11.456"/>
  <testcase classname="com.mindtree.testcases.TestCase5" name="wishlist" time="8.325"/>
  <testcase classname="com.mindtree.testcases.TestCase6" name="explore" time="6.538"/>
  <testcase classname="com.mindtree.testcases.TestCase7" name="giftcards" time="7.752"/>
  <testcase classname="com.mindtree.testcases.TestCase8" name="compare" time="17.076"/>
  <testcase classname="com.mindtree.testcases.TestCase9" name="aboutus" time="5.782"/>
  <testcase classname="com.mindtree.testcases.TestCase10" name="shipDelivery" time="6.069"/>
</testsuite> <!-- Test1 -->
