<?xml version="1.0" encoding="UTF-8" standalone="no"?>
<testsuite errors="0" failures="0" name="io.cucumber.core.plugin.JUnitFormatter" skipped="0" tests="10" time="240.277">
<testcase classname="Feature to test the Urbanladder website" name="verify the login page with valid inputs" time="21.578">
<system-out><![CDATA[Given move the mouse on login icon in homepage..............................passed
And click on the login and land on loginpage................................passed
When user enters the harshithkrnagar0000@gmail.com in emailbox..............passed
And enter the Pa##w0rd in passwordbox.......................................passed
Then click on login button..................................................passed
And Take screenshot.........................................................passed
]]></system-out>
</testcase>
<testcase classname="Feature to test the Urbanladder website" name="user should search the product and add it to cart" time="48.561">
<system-out><![CDATA[Given move the mouse on login icon in homepage..............................passed
And click on the login and land on loginpage................................passed
When user enters the <email> in emailbox....................................passed
And enter the <password> in passwordbox.....................................passed
Then click on login button..................................................passed
Given Uer should send Sofa to search bar....................................passed
And click on search icon and navigated to result page.......................passed
When user click on the product it navigated to product details..............passed
And the product should be added to cart.....................................passed
Then Take sceenshot and navigate back.......................................passed
]]></system-out>
</testcase>
<testcase classname="Feature to test the Urbanladder website" name="user should verify the product added to cart" time="31.089">
<system-out><![CDATA[Given move the mouse on login icon in homepage..............................passed
And click on the login and land on loginpage................................passed
When user enters the <email> in emailbox....................................passed
And enter the <password> in passwordbox.....................................passed
Then click on login button..................................................passed
Given Click on carticon in home page........................................passed
When user navigated to cart verify the product present......................passed
And remove the added item from the cart.....................................passed
Then take screenshot and navigate back......................................passed
]]></system-out>
</testcase>
<testcase classname="Feature to test the Urbanladder website" name="user should select the product from study dropdown and to wishlist" time="30.826">
<system-out><![CDATA[Given move the mouse on login icon in homepage..............................passed
And click on the login and land on loginpage................................passed
When user enters the <email> in emailbox....................................passed
And enter the <password> in passwordbox.....................................passed
Then click on login button..................................................passed
Given user should hover on the study........................................passed
When user should click the item from study dropdown.........................passed
And in the result page add the item to wishlist.............................passed
Then take screenshot and navigate from study page to home page..............passed
]]></system-out>
</testcase>
<testcase classname="Feature to test the Urbanladder website" name="user should verify the product added to wishlist" time="28.699">
<system-out><![CDATA[Given move the mouse on login icon in homepage..............................passed
And click on the login and land on loginpage................................passed
When user enters the <email> in emailbox....................................passed
And enter the <password> in passwordbox.....................................passed
Then click on login button..................................................passed
Given user should click on wishlist icon....................................passed
When user navigated to wishlist verify the product added....................passed
And remove the added item from wishlist.....................................passed
Then take screenshot and navigate from wishlist to home page................passed
]]></system-out>
</testcase>
<testcase classname="Feature to test the Urbanladder website" name="user should verify beds in explore products section" time="9.734">
<system-out><![CDATA[Given user should click on beds in explore products section.................passed
And verify it is navigated to page by verifying the text....................passed
Then take screenshot and navigate from beds  to home page...................passed
]]></system-out>
</testcase>
<testcase classname="Feature to test the Urbanladder website" name="user should verify the Gift cards in home page" time="11.932">
<system-out><![CDATA[Given click on Gift Cards icon in home page.................................passed
When navigated to result page verify the text present.......................passed
Then take screenshot and navigate from Gift card to home page...............passed
]]></system-out>
</testcase>
<testcase classname="Feature to test the Urbanladder website" name="user should select two products from decor section and compare" time="36.689">
<system-out><![CDATA[Given move the mouse on login icon in homepage..............................passed
And click on the login and land on loginpage................................passed
When user enters the <email> in emailbox....................................passed
And enter the <password> in passwordbox.....................................passed
Then click on login button..................................................passed
Given click on the Decor dropdown in the homePage...........................passed
And select Wall art from the dropdown.......................................passed
When it is navigated to the next page hover on product1.....................passed
And click on add to compare to add the product1 to compare..................passed
Then User should hover on the Product2......................................passed
And add Product2 to add to compare..........................................passed
And click on compare button.................................................passed
Then cpature screenshot and navigate back to home page from wall art page...passed
]]></system-out>
</testcase>
<testcase classname="Feature to test the Urbanladder website" name="User should verify the About Us Page by verifying the text" time="10.33">
<system-out><![CDATA[Given User should click on the About us in the footer section...............passed
When it is navigated to About us page verify the text in the page...........passed
Then take snapshot of the About us page and navigate back to the home page..passed
]]></system-out>
</testcase>
<testcase classname="Feature to test the Urbanladder website" name="verify the text in the shipping and delivery in the footer" time="10.477">
<system-out><![CDATA[Given click on the shipping & delivery in the footer........................passed
When navigated to shipping and delivery page verify the text................passed
Then capture screenshot and navigate from shipping page to home page........passed
]]></system-out>
</testcase>
</testsuite>
